C:\Users\walid\AppData\Local\Programs\Python\Python310\lib\site-packages\requests\__init__.py:113: RequestsDependencyWarning: urllib3 (2.6.3) or chardet (7.0.1)/charset_normalizer (3.4.4) doesn't match a supported version!
  warnings.warn(
23:15:24 [INFO] facebook_ads_monitor - [decathlon] Scraping Meta Ad Library for 'Decathlon'...
23:15:28 [INFO] facebook_ads_monitor - [decathlon] Navigating to Ad Library: https://www.facebook.com/ads/library/?active_status=all&ad_type=all&country=FR&media_type=all&search_type=keyword_unorde...
23:15:55 [INFO] facebook_ads_monitor - [decathlon] Extracting ad data from relay store...
23:16:07 [INFO] facebook_ads_monitor - [decathlon]   No relay store data found in script tags
23:16:07 [INFO] facebook_ads_monitor - [decathlon] Relay store empty, scrolling + DOM fallback...
23:16:48 [INFO] facebook_ads_monitor - [decathlon]   No new ads after 3 scrolls. Total: 0
23:16:59 [INFO] facebook_ads_monitor - [decathlon]   No 'Started running on' markers found
23:16:59 [INFO] facebook_ads_monitor - [decathlon] Extracted 0 ads
23:17:00 [INFO] facebook_ads_monitor - [decathlon] Found 0 ads
23:17:03 [INFO] facebook_ads_monitor - [intersport] Scraping Meta Ad Library for 'Intersport'...
23:17:04 [INFO] facebook_ads_monitor - [intersport] Navigating to Ad Library: https://www.facebook.com/ads/library/?active_status=all&ad_type=all&country=FR&media_type=all&search_type=keyword_unorde...
23:17:18 [INFO] facebook_ads_monitor - [intersport] Extracting ad data from relay store...
23:17:19 [INFO] facebook_ads_monitor - [intersport]   No relay store data found in script tags
23:17:19 [INFO] facebook_ads_monitor - [intersport] Relay store empty, scrolling + DOM fallback...
23:17:52 [INFO] facebook_ads_monitor - [intersport]   No new ads after 3 scrolls. Total: 0
23:18:02 [INFO] facebook_ads_monitor - [intersport]   No 'Started running on' markers found
23:18:02 [INFO] facebook_ads_monitor - [intersport] Extracted 0 ads
23:18:02 [INFO] facebook_ads_monitor - [intersport] Found 0 ads
23:18:05 [INFO] facebook_ads_monitor - facebook_ads_monitor done — 0 ads in 164.5s → data\facebook_ads_runs\20260406T211521127558Z_c9b9e0
