23:15:21 [INFO] instagram_monitor - [decathlon] Fetching @decathlon...
23:15:22 [INFO] instagram_monitor - [decathlon] @decathlon: 12 posts, 596111 followers
23:15:24 [INFO] instagram_monitor - [decathlon] Fetching #decathlon...
23:15:26 [WARNING] instagram_monitor - Hashtag #decathlon failed: Expecting value: line 1 column 1 (char 0)
23:15:26 [INFO] instagram_monitor - [decathlon] #decathlon: 0 new posts
23:15:28 [INFO] instagram_monitor - [decathlon] Fetching #decathlonfrance...
23:15:29 [WARNING] instagram_monitor - Hashtag #decathlonfrance failed: Expecting value: line 1 column 1 (char 0)
23:15:29 [INFO] instagram_monitor - [decathlon] #decathlonfrance: 0 new posts
23:15:31 [INFO] instagram_monitor - [decathlon] Fetching #rockrider...
23:15:32 [WARNING] instagram_monitor - Hashtag #rockrider failed: Expecting value: line 1 column 1 (char 0)
23:15:32 [INFO] instagram_monitor - [decathlon] #rockrider: 0 new posts
23:15:34 [INFO] instagram_monitor - [decathlon] Fetching #quechua...
23:15:36 [WARNING] instagram_monitor - Hashtag #quechua failed: Expecting value: line 1 column 1 (char 0)
23:15:36 [INFO] instagram_monitor - [decathlon] #quechua: 0 new posts
23:15:38 [INFO] instagram_monitor - [decathlon] Fetching #domyos...
23:15:41 [WARNING] instagram_monitor - Hashtag #domyos failed: Expecting value: line 1 column 1 (char 0)
23:15:41 [INFO] instagram_monitor - [decathlon] #domyos: 0 new posts
23:15:43 [INFO] instagram_monitor - [intersport] Fetching @intersportfr...
23:15:45 [INFO] instagram_monitor - [intersport] @intersportfr: 12 posts, 148151 followers
23:15:47 [INFO] instagram_monitor - [intersport] Fetching #intersport...
23:15:48 [WARNING] instagram_monitor - Hashtag #intersport failed: Expecting value: line 1 column 1 (char 0)
23:15:48 [INFO] instagram_monitor - [intersport] #intersport: 0 new posts
23:15:50 [INFO] instagram_monitor - [intersport] Fetching #intersportfrance...
23:15:51 [WARNING] instagram_monitor - Hashtag #intersportfrance failed: Expecting value: line 1 column 1 (char 0)
23:15:51 [INFO] instagram_monitor - [intersport] #intersportfrance: 0 new posts
23:15:53 [INFO] instagram_monitor - instagram_monitor done — 24 posts in 32.6s → data\instagram_runs\20260406T211521262160Z_98f822
