Traceback (most recent call last):
  File "C:\Users\walid\AppData\Local\Programs\Python\Python310\lib\runpy.py", line 196, in _run_module_as_main
    return _run_code(code, main_globals, None,
  File "C:\Users\walid\AppData\Local\Programs\Python\Python310\lib\runpy.py", line 86, in _run_code
    exec(code, run_globals)
  File "C:\Users\walid\Desktop\DEV\EugeniaSchool\LICTER\review_monitor\__main__.py", line 5, in <module>
    raise SystemExit(main())
  File "C:\Users\walid\Desktop\DEV\EugeniaSchool\LICTER\review_monitor\bootstrap.py", line 10, in main
    return cli_main()
  File "C:\Users\walid\Desktop\DEV\EugeniaSchool\LICTER\review_monitor\cli.py", line 43, in main
    result = run_monitor_sync(
  File "C:\Users\walid\Desktop\DEV\EugeniaSchool\LICTER\review_monitor\app.py", line 440, in run_monitor_sync
    return asyncio.run(run_monitor(**kwargs))
  File "C:\Users\walid\AppData\Local\Programs\Python\Python310\lib\asyncio\runners.py", line 44, in run
    return loop.run_until_complete(main)
  File "C:\Users\walid\AppData\Local\Programs\Python\Python310\lib\asyncio\base_events.py", line 649, in run_until_complete
    return future.result()
  File "C:\Users\walid\Desktop\DEV\EugeniaSchool\LICTER\review_monitor\app.py", line 348, in run_monitor
    parser = PARSER_BY_SITE[source.site]
KeyError: 'appstore'
